<?xml version="1.0" encoding="UTF-8"?>
<beans xmlns="http://www.springframework.org/schema/beans"
       xmlns:xsi="http://www.w3.org/2001/XMLSchema-instance"
       xmlns:context="http://www.springframework.org/schema/context"
       xmlns:aop="http://www.springframework.org/schema/aop"
       xmlns:mvc="http://www.springframework.org/schema/mvc"
       xmlns:tx="http://www.springframework.org/schema/tx"
       xsi:schemaLocation="
        http://www.springframework.org/schema/mvc
        http://www.springframework.org/schema/mvc/spring-mvc-3.0.xsd
		http://www.springframework.org/schema/beans
        http://www.springframework.org/schema/beans/spring-beans-3.0.xsd
		http://www.springframework.org/schema/context
        http://www.springframework.org/schema/context/spring-context-3.0.xsd
        http://www.springframework.org/schema/aop 
        http://www.springframework.org/schema/aop/spring-aop-3.0.xsd
        http://www.springframework.org/schema/tx
        http://www.springframework.org/schema/tx/spring-tx-3.0.xsd">
	<import resource="classpath:test-jdbc-context.xml"/>
	<aop:aspectj-autoproxy />
	<context:component-scan base-package="com.mercury.chat.user.service"></context:component-scan>
	<tx:annotation-driven transaction-manager="transactionManager" proxy-target-class="false"/>
    
	<bean id="transactionManager" class="org.springframework.jdbc.datasource.DataSourceTransactionManager">
		<property name="dataSource" ref="dataSource" />
	</bean>
	
    <bean id="sqlSessionFactory" class="org.mybatis.spring.SqlSessionFactoryBean">
        <property name="dataSource" ref="dataSource" />
		<property name="configLocation" value="classpath:mybatis.xml" />
		<property name="typeAliasesPackage" value="com.mercury.chat.user.entity"></property>
    </bean>
    
    <bean class="org.mybatis.spring.mapper.MapperScannerConfigurer">
		<property name="basePackage" value="com.mercury.chat.user.dao"></property>
	</bean>

	<bean id="sqlSessionTemplate" class="org.mybatis.spring.SqlSessionTemplate">
		<constructor-arg index="0" ref="sqlSessionFactory"></constructor-arg>
	</bean>
	
	<bean id="jedisPoolUtils" class="com.mercury.chat.user.service.storer.redis.JedisPoolUtils"/>
	
	<bean id="loginAuthHandler" class = "com.mercury.chat.server.protocol.LoginAuthHandler"></bean>
	
	<bean id = "historicalMessageHandler" class = "com.mercury.chat.server.protocol.HistoricalMessageHandler"/>
	
</beans>